{"/Users/yai/Documents/IP-HCK65/server/app.js": {"path":"/Users/yai/Documents/IP-HCK65/server/app.js","statementMap":{"0":{"start":{"line":1,"column":0},"end":{"line":3,"column":1}},"1":{"start":{"line":2,"column":2},"end":{"line":2,"column":28}},"2":{"start":{"line":5,"column":16},"end":{"line":5,"column":34}},"3":{"start":{"line":6,"column":22},"end":{"line":6,"column":50}},"4":{"start":{"line":7,"column":12},"end":{"line":7,"column":21}},"5":{"start":{"line":8,"column":15},"end":{"line":8,"column":35}},"6":{"start":{"line":9,"column":13},"end":{"line":9,"column":17}},"7":{"start":{"line":10,"column":13},"end":{"line":10,"column":28}},"8":{"start":{"line":11,"column":12},"end":{"line":11,"column":38}},"9":{"start":{"line":14,"column":0},"end":{"line":14,"column":15}},"10":{"start":{"line":16,"column":0},"end":{"line":16,"column":49}},"11":{"start":{"line":17,"column":0},"end":{"line":17,"column":23}},"12":{"start":{"line":19,"column":0},"end":{"line":19,"column":20}},"13":{"start":{"line":21,"column":0},"end":{"line":21,"column":20}}},"fnMap":{},"branchMap":{"0":{"loc":{"start":{"line":1,"column":0},"end":{"line":3,"column":1}},"type":"if","locations":[{"start":{"line":1,"column":0},"end":{"line":3,"column":1}},{"start":{},"end":{}}],"line":1}},"s":{"0":7,"1":7,"2":7,"3":7,"4":7,"5":7,"6":7,"7":7,"8":7,"9":7,"10":7,"11":7,"12":7,"13":7},"f":{},"b":{"0":[7,0]},"_coverageSchema":"1a1c01bbd47fc00a2c39e90264f33305004495a9","hash":"60e31b63c3cf4eda6ba2588b7a5072d456beba96"}
,"/Users/yai/Documents/IP-HCK65/server/controllers/articleController.js": {"path":"/Users/yai/Documents/IP-HCK65/server/controllers/articleController.js","statementMap":{"0":{"start":{"line":1,"column":14},"end":{"line":1,"column":30}},"1":{"start":{"line":2,"column":26},"end":{"line":2,"column":46}},"2":{"start":{"line":3,"column":15},"end":{"line":3,"column":50}},"3":{"start":{"line":4,"column":15},"end":{"line":4,"column":49}},"4":{"start":{"line":8,"column":19},"end":{"line":11,"column":5}},"5":{"start":{"line":13,"column":4},"end":{"line":22,"column":5}},"6":{"start":{"line":14,"column":23},"end":{"line":16,"column":8}},"7":{"start":{"line":17,"column":19},"end":{"line":17,"column":32}},"8":{"start":{"line":19,"column":6},"end":{"line":19,"column":32}},"9":{"start":{"line":21,"column":6},"end":{"line":21,"column":59}},"10":{"start":{"line":26,"column":4},"end":{"line":35,"column":5}},"11":{"start":{"line":27,"column":63},"end":{"line":27,"column":71}},"12":{"start":{"line":28,"column":6},"end":{"line":28,"column":36}},"13":{"start":{"line":30,"column":25},"end":{"line":30,"column":145}},"14":{"start":{"line":32,"column":6},"end":{"line":32,"column":38}},"15":{"start":{"line":34,"column":6},"end":{"line":34,"column":32}},"16":{"start":{"line":39,"column":4},"end":{"line":53,"column":5}},"17":{"start":{"line":40,"column":17},"end":{"line":48,"column":8}},"18":{"start":{"line":50,"column":6},"end":{"line":50,"column":32}},"19":{"start":{"line":52,"column":6},"end":{"line":52,"column":24}},"20":{"start":{"line":57,"column":4},"end":{"line":73,"column":5}},"21":{"start":{"line":58,"column":21},"end":{"line":58,"column":31}},"22":{"start":{"line":60,"column":23},"end":{"line":60,"column":34}},"23":{"start":{"line":63,"column":17},"end":{"line":63,"column":43}},"24":{"start":{"line":64,"column":6},"end":{"line":64,"column":49}},"25":{"start":{"line":64,"column":17},"end":{"line":64,"column":49}},"26":{"start":{"line":66,"column":6},"end":{"line":66,"column":109}},"27":{"start":{"line":66,"column":38},"end":{"line":66,"column":109}},"28":{"start":{"line":68,"column":6},"end":{"line":68,"column":26}},"29":{"start":{"line":70,"column":6},"end":{"line":70,"column":57}},"30":{"start":{"line":72,"column":6},"end":{"line":72,"column":32}},"31":{"start":{"line":77,"column":4},"end":{"line":92,"column":5}},"32":{"start":{"line":78,"column":21},"end":{"line":78,"column":31}},"33":{"start":{"line":79,"column":23},"end":{"line":79,"column":34}},"34":{"start":{"line":80,"column":63},"end":{"line":80,"column":71}},"35":{"start":{"line":82,"column":17},"end":{"line":82,"column":43}},"36":{"start":{"line":83,"column":6},"end":{"line":83,"column":49}},"37":{"start":{"line":83,"column":17},"end":{"line":83,"column":49}},"38":{"start":{"line":85,"column":6},"end":{"line":85,"column":109}},"39":{"start":{"line":85,"column":38},"end":{"line":85,"column":109}},"40":{"start":{"line":87,"column":6},"end":{"line":87,"column":94}},"41":{"start":{"line":89,"column":6},"end":{"line":89,"column":89}},"42":{"start":{"line":91,"column":6},"end":{"line":91,"column":32}},"43":{"start":{"line":96,"column":4},"end":{"line":107,"column":5}},"44":{"start":{"line":97,"column":21},"end":{"line":97,"column":31}},"45":{"start":{"line":99,"column":17},"end":{"line":99,"column":43}},"46":{"start":{"line":101,"column":6},"end":{"line":103,"column":7}},"47":{"start":{"line":102,"column":10},"end":{"line":102,"column":66}},"48":{"start":{"line":104,"column":6},"end":{"line":104,"column":32}},"49":{"start":{"line":106,"column":6},"end":{"line":106,"column":24}},"50":{"start":{"line":111,"column":0},"end":{"line":111,"column":34}}},"fnMap":{"0":{"name":"(anonymous_0)","decl":{"start":{"line":7,"column":2},"end":{"line":7,"column":3}},"loc":{"start":{"line":7,"column":38},"end":{"line":23,"column":3}},"line":7},"1":{"name":"(anonymous_1)","decl":{"start":{"line":25,"column":2},"end":{"line":25,"column":3}},"loc":{"start":{"line":25,"column":39},"end":{"line":36,"column":3}},"line":25},"2":{"name":"(anonymous_2)","decl":{"start":{"line":38,"column":2},"end":{"line":38,"column":3}},"loc":{"start":{"line":38,"column":41},"end":{"line":54,"column":3}},"line":38},"3":{"name":"(anonymous_3)","decl":{"start":{"line":56,"column":2},"end":{"line":56,"column":3}},"loc":{"start":{"line":56,"column":39},"end":{"line":74,"column":3}},"line":56},"4":{"name":"(anonymous_4)","decl":{"start":{"line":76,"column":2},"end":{"line":76,"column":3}},"loc":{"start":{"line":76,"column":39},"end":{"line":93,"column":3}},"line":76},"5":{"name":"(anonymous_5)","decl":{"start":{"line":95,"column":2},"end":{"line":95,"column":3}},"loc":{"start":{"line":95,"column":43},"end":{"line":108,"column":3}},"line":95}},"branchMap":{"0":{"loc":{"start":{"line":64,"column":6},"end":{"line":64,"column":49}},"type":"if","locations":[{"start":{"line":64,"column":6},"end":{"line":64,"column":49}},{"start":{},"end":{}}],"line":64},"1":{"loc":{"start":{"line":66,"column":6},"end":{"line":66,"column":109}},"type":"if","locations":[{"start":{"line":66,"column":6},"end":{"line":66,"column":109}},{"start":{},"end":{}}],"line":66},"2":{"loc":{"start":{"line":83,"column":6},"end":{"line":83,"column":49}},"type":"if","locations":[{"start":{"line":83,"column":6},"end":{"line":83,"column":49}},{"start":{},"end":{}}],"line":83},"3":{"loc":{"start":{"line":85,"column":6},"end":{"line":85,"column":109}},"type":"if","locations":[{"start":{"line":85,"column":6},"end":{"line":85,"column":109}},{"start":{},"end":{}}],"line":85},"4":{"loc":{"start":{"line":101,"column":6},"end":{"line":103,"column":7}},"type":"if","locations":[{"start":{"line":101,"column":6},"end":{"line":103,"column":7}},{"start":{},"end":{}}],"line":101}},"s":{"0":7,"1":7,"2":7,"3":7,"4":0,"5":0,"6":0,"7":0,"8":0,"9":0,"10":1,"11":1,"12":1,"13":1,"14":1,"15":0,"16":0,"17":0,"18":0,"19":0,"20":0,"21":0,"22":0,"23":0,"24":0,"25":0,"26":0,"27":0,"28":0,"29":0,"30":0,"31":3,"32":3,"33":3,"34":3,"35":3,"36":3,"37":2,"38":1,"39":0,"40":1,"41":1,"42":2,"43":0,"44":0,"45":0,"46":0,"47":0,"48":0,"49":0,"50":7},"f":{"0":0,"1":1,"2":0,"3":0,"4":3,"5":0},"b":{"0":[0,0],"1":[0,0],"2":[2,1],"3":[0,1],"4":[0,0]},"_coverageSchema":"1a1c01bbd47fc00a2c39e90264f33305004495a9","hash":"212f8df38c3270ab1fb24747df5c808f3ef226d8"}
,"/Users/yai/Documents/IP-HCK65/server/controllers/payment.js": {"path":"/Users/yai/Documents/IP-HCK65/server/controllers/payment.js","statementMap":{"0":{"start":{"line":1,"column":23},"end":{"line":1,"column":49}},"1":{"start":{"line":3,"column":16},"end":{"line":3,"column":36}},"2":{"start":{"line":7,"column":8},"end":{"line":37,"column":9}},"3":{"start":{"line":8,"column":23},"end":{"line":11,"column":14}},"4":{"start":{"line":13,"column":28},"end":{"line":13,"column":64}},"5":{"start":{"line":14,"column":30},"end":{"line":14,"column":40}},"6":{"start":{"line":15,"column":32},"end":{"line":26,"column":14}},"7":{"start":{"line":28,"column":12},"end":{"line":32,"column":14}},"8":{"start":{"line":34,"column":12},"end":{"line":34,"column":58}},"9":{"start":{"line":36,"column":12},"end":{"line":36,"column":30}},"10":{"start":{"line":41,"column":0},"end":{"line":41,"column":34}}},"fnMap":{"0":{"name":"(anonymous_0)","decl":{"start":{"line":6,"column":4},"end":{"line":6,"column":5}},"loc":{"start":{"line":6,"column":48},"end":{"line":38,"column":5}},"line":6}},"branchMap":{},"s":{"0":7,"1":7,"2":0,"3":0,"4":0,"5":0,"6":0,"7":0,"8":0,"9":0,"10":7},"f":{"0":0},"b":{},"_coverageSchema":"1a1c01bbd47fc00a2c39e90264f33305004495a9","hash":"aaebfdb626aee8d667b1494ce676c5c889b84477"}
,"/Users/yai/Documents/IP-HCK65/server/controllers/userController.js": {"path":"/Users/yai/Documents/IP-HCK65/server/controllers/userController.js","statementMap":{"0":{"start":{"line":1,"column":28},"end":{"line":1,"column":56}},"1":{"start":{"line":2,"column":22},"end":{"line":2,"column":42}},"2":{"start":{"line":3,"column":35},"end":{"line":3,"column":60}},"3":{"start":{"line":4,"column":14},"end":{"line":4,"column":30}},"4":{"start":{"line":5,"column":23},"end":{"line":5,"column":53}},"5":{"start":{"line":6,"column":15},"end":{"line":6,"column":33}},"6":{"start":{"line":12,"column":8},"end":{"line":30,"column":9}},"7":{"start":{"line":13,"column":54},"end":{"line":13,"column":62}},"8":{"start":{"line":16,"column":26},"end":{"line":16,"column":78}},"9":{"start":{"line":17,"column":36},"end":{"line":20,"column":15}},"10":{"start":{"line":21,"column":12},"end":{"line":21,"column":49}},"11":{"start":{"line":23,"column":12},"end":{"line":25,"column":13}},"12":{"start":{"line":24,"column":16},"end":{"line":24,"column":80}},"13":{"start":{"line":26,"column":12},"end":{"line":28,"column":13}},"14":{"start":{"line":27,"column":16},"end":{"line":27,"column":80}},"15":{"start":{"line":29,"column":12},"end":{"line":29,"column":69}},"16":{"start":{"line":34,"column":8},"end":{"line":68,"column":9}},"17":{"start":{"line":35,"column":38},"end":{"line":35,"column":46}},"18":{"start":{"line":37,"column":12},"end":{"line":40,"column":13}},"19":{"start":{"line":38,"column":16},"end":{"line":38,"column":69}},"20":{"start":{"line":39,"column":16},"end":{"line":39,"column":22}},"21":{"start":{"line":42,"column":12},"end":{"line":45,"column":13}},"22":{"start":{"line":43,"column":16},"end":{"line":43,"column":72}},"23":{"start":{"line":44,"column":16},"end":{"line":44,"column":22}},"24":{"start":{"line":47,"column":25},"end":{"line":47,"column":62}},"25":{"start":{"line":48,"column":12},"end":{"line":51,"column":13}},"26":{"start":{"line":49,"column":16},"end":{"line":49,"column":74}},"27":{"start":{"line":50,"column":16},"end":{"line":50,"column":22}},"28":{"start":{"line":53,"column":36},"end":{"line":53,"column":76}},"29":{"start":{"line":54,"column":12},"end":{"line":57,"column":13}},"30":{"start":{"line":55,"column":15},"end":{"line":55,"column":73}},"31":{"start":{"line":56,"column":15},"end":{"line":56,"column":21}},"32":{"start":{"line":59,"column":31},"end":{"line":59,"column":73}},"33":{"start":{"line":60,"column":12},"end":{"line":60,"column":25}},"34":{"start":{"line":62,"column":12},"end":{"line":62,"column":63}},"35":{"start":{"line":64,"column":12},"end":{"line":66,"column":13}},"36":{"start":{"line":65,"column":16},"end":{"line":65,"column":80}},"37":{"start":{"line":67,"column":12},"end":{"line":67,"column":69}},"38":{"start":{"line":72,"column":8},"end":{"line":104,"column":9}},"39":{"start":{"line":73,"column":35},"end":{"line":73,"column":43}},"40":{"start":{"line":75,"column":27},"end":{"line":78,"column":14}},"41":{"start":{"line":80,"column":28},"end":{"line":80,"column":47}},"42":{"start":{"line":82,"column":36},"end":{"line":90,"column":14}},"43":{"start":{"line":92,"column":33},"end":{"line":93,"column":42}},"44":{"start":{"line":95,"column":12},"end":{"line":101,"column":14}},"45":{"start":{"line":103,"column":12},"end":{"line":103,"column":30}},"46":{"start":{"line":108,"column":19},"end":{"line":108,"column":30}},"47":{"start":{"line":109,"column":20},"end":{"line":109,"column":36}},"48":{"start":{"line":110,"column":4},"end":{"line":168,"column":5}},"49":{"start":{"line":111,"column":21},"end":{"line":111,"column":48}},"50":{"start":{"line":112,"column":8},"end":{"line":114,"column":9}},"51":{"start":{"line":113,"column":12},"end":{"line":113,"column":88}},"52":{"start":{"line":117,"column":8},"end":{"line":119,"column":9}},"53":{"start":{"line":118,"column":12},"end":{"line":118,"column":73}},"54":{"start":{"line":121,"column":22},"end":{"line":125,"column":10}},"55":{"start":{"line":127,"column":8},"end":{"line":129,"column":9}},"56":{"start":{"line":128,"column":12},"end":{"line":128,"column":72}},"57":{"start":{"line":134,"column":20},"end":{"line":134,"column":75}},"58":{"start":{"line":135,"column":24},"end":{"line":141,"column":9}},"59":{"start":{"line":143,"column":25},"end":{"line":143,"column":54}},"60":{"start":{"line":144,"column":8},"end":{"line":144,"column":43}},"61":{"start":{"line":146,"column":8},"end":{"line":159,"column":9}},"62":{"start":{"line":147,"column":12},"end":{"line":150,"column":14}},"63":{"start":{"line":152,"column":12},"end":{"line":154,"column":14}},"64":{"start":{"line":156,"column":12},"end":{"line":156,"column":59}},"65":{"start":{"line":158,"column":12},"end":{"line":158,"column":74}},"66":{"start":{"line":161,"column":8},"end":{"line":167,"column":9}},"67":{"start":{"line":162,"column":12},"end":{"line":162,"column":59}},"68":{"start":{"line":163,"column":15},"end":{"line":167,"column":9}},"69":{"start":{"line":164,"column":12},"end":{"line":164,"column":59}},"70":{"start":{"line":166,"column":12},"end":{"line":166,"column":69}},"71":{"start":{"line":172,"column":4},"end":{"line":181,"column":5}},"72":{"start":{"line":174,"column":21},"end":{"line":176,"column":10}},"73":{"start":{"line":178,"column":8},"end":{"line":178,"column":22}},"74":{"start":{"line":180,"column":8},"end":{"line":180,"column":26}},"75":{"start":{"line":187,"column":0},"end":{"line":187,"column":31}}},"fnMap":{"0":{"name":"(anonymous_0)","decl":{"start":{"line":11,"column":4},"end":{"line":11,"column":5}},"loc":{"start":{"line":11,"column":36},"end":{"line":31,"column":5}},"line":11},"1":{"name":"(anonymous_1)","decl":{"start":{"line":33,"column":4},"end":{"line":33,"column":5}},"loc":{"start":{"line":33,"column":39},"end":{"line":69,"column":5}},"line":33},"2":{"name":"(anonymous_2)","decl":{"start":{"line":71,"column":4},"end":{"line":71,"column":5}},"loc":{"start":{"line":71,"column":39},"end":{"line":105,"column":5}},"line":71},"3":{"name":"(anonymous_3)","decl":{"start":{"line":107,"column":3},"end":{"line":107,"column":4}},"loc":{"start":{"line":107,"column":47},"end":{"line":169,"column":4}},"line":107},"4":{"name":"(anonymous_4)","decl":{"start":{"line":171,"column":3},"end":{"line":171,"column":4}},"loc":{"start":{"line":171,"column":36},"end":{"line":182,"column":4}},"line":171}},"branchMap":{"0":{"loc":{"start":{"line":23,"column":12},"end":{"line":25,"column":13}},"type":"if","locations":[{"start":{"line":23,"column":12},"end":{"line":25,"column":13}},{"start":{},"end":{}}],"line":23},"1":{"loc":{"start":{"line":26,"column":12},"end":{"line":28,"column":13}},"type":"if","locations":[{"start":{"line":26,"column":12},"end":{"line":28,"column":13}},{"start":{},"end":{}}],"line":26},"2":{"loc":{"start":{"line":37,"column":12},"end":{"line":40,"column":13}},"type":"if","locations":[{"start":{"line":37,"column":12},"end":{"line":40,"column":13}},{"start":{},"end":{}}],"line":37},"3":{"loc":{"start":{"line":42,"column":12},"end":{"line":45,"column":13}},"type":"if","locations":[{"start":{"line":42,"column":12},"end":{"line":45,"column":13}},{"start":{},"end":{}}],"line":42},"4":{"loc":{"start":{"line":48,"column":12},"end":{"line":51,"column":13}},"type":"if","locations":[{"start":{"line":48,"column":12},"end":{"line":51,"column":13}},{"start":{},"end":{}}],"line":48},"5":{"loc":{"start":{"line":54,"column":12},"end":{"line":57,"column":13}},"type":"if","locations":[{"start":{"line":54,"column":12},"end":{"line":57,"column":13}},{"start":{},"end":{}}],"line":54},"6":{"loc":{"start":{"line":64,"column":12},"end":{"line":66,"column":13}},"type":"if","locations":[{"start":{"line":64,"column":12},"end":{"line":66,"column":13}},{"start":{},"end":{}}],"line":64},"7":{"loc":{"start":{"line":95,"column":23},"end":{"line":95,"column":42}},"type":"cond-expr","locations":[{"start":{"line":95,"column":33},"end":{"line":95,"column":36}},{"start":{"line":95,"column":39},"end":{"line":95,"column":42}}],"line":95},"8":{"loc":{"start":{"line":112,"column":8},"end":{"line":114,"column":9}},"type":"if","locations":[{"start":{"line":112,"column":8},"end":{"line":114,"column":9}},{"start":{},"end":{}}],"line":112},"9":{"loc":{"start":{"line":117,"column":8},"end":{"line":119,"column":9}},"type":"if","locations":[{"start":{"line":117,"column":8},"end":{"line":119,"column":9}},{"start":{},"end":{}}],"line":117},"10":{"loc":{"start":{"line":127,"column":8},"end":{"line":129,"column":9}},"type":"if","locations":[{"start":{"line":127,"column":8},"end":{"line":129,"column":9}},{"start":{},"end":{}}],"line":127},"11":{"loc":{"start":{"line":146,"column":8},"end":{"line":159,"column":9}},"type":"if","locations":[{"start":{"line":146,"column":8},"end":{"line":159,"column":9}},{"start":{"line":157,"column":15},"end":{"line":159,"column":9}}],"line":146},"12":{"loc":{"start":{"line":146,"column":11},"end":{"line":146,"column":77}},"type":"binary-expr","locations":[{"start":{"line":146,"column":11},"end":{"line":146,"column":48}},{"start":{"line":146,"column":52},"end":{"line":146,"column":77}}],"line":146},"13":{"loc":{"start":{"line":161,"column":8},"end":{"line":167,"column":9}},"type":"if","locations":[{"start":{"line":161,"column":8},"end":{"line":167,"column":9}},{"start":{"line":163,"column":15},"end":{"line":167,"column":9}}],"line":161},"14":{"loc":{"start":{"line":163,"column":15},"end":{"line":167,"column":9}},"type":"if","locations":[{"start":{"line":163,"column":15},"end":{"line":167,"column":9}},{"start":{"line":165,"column":15},"end":{"line":167,"column":9}}],"line":163}},"s":{"0":7,"1":7,"2":7,"3":7,"4":7,"5":7,"6":0,"7":0,"8":0,"9":0,"10":0,"11":0,"12":0,"13":0,"14":0,"15":0,"16":4,"17":4,"18":4,"19":1,"20":1,"21":3,"22":1,"23":1,"24":2,"25":2,"26":2,"27":2,"28":0,"29":0,"30":0,"31":0,"32":0,"33":0,"34":0,"35":0,"36":0,"37":0,"38":0,"39":0,"40":0,"41":0,"42":0,"43":0,"44":0,"45":0,"46":0,"47":0,"48":0,"49":0,"50":0,"51":0,"52":0,"53":0,"54":0,"55":0,"56":0,"57":0,"58":0,"59":0,"60":0,"61":0,"62":0,"63":0,"64":0,"65":0,"66":0,"67":0,"68":0,"69":0,"70":0,"71":0,"72":0,"73":0,"74":0,"75":7},"f":{"0":0,"1":4,"2":0,"3":0,"4":0},"b":{"0":[0,0],"1":[0,0],"2":[1,3],"3":[1,2],"4":[2,0],"5":[0,0],"6":[0,0],"7":[0,0],"8":[0,0],"9":[0,0],"10":[0,0],"11":[0,0],"12":[0,0],"13":[0,0],"14":[0,0]},"_coverageSchema":"1a1c01bbd47fc00a2c39e90264f33305004495a9","hash":"f853d1dd5e5f0c4864abac009ede70a685a5eb8a"}
,"/Users/yai/Documents/IP-HCK65/server/helpers/bcrypt.js": {"path":"/Users/yai/Documents/IP-HCK65/server/helpers/bcrypt.js","statementMap":{"0":{"start":{"line":1,"column":15},"end":{"line":1,"column":34}},"1":{"start":{"line":4,"column":17},"end":{"line":4,"column":38}},"2":{"start":{"line":5,"column":17},"end":{"line":5,"column":48}},"3":{"start":{"line":7,"column":4},"end":{"line":7,"column":15}},"4":{"start":{"line":11,"column":4},"end":{"line":11,"column":54}},"5":{"start":{"line":14,"column":0},"end":{"line":17,"column":1}}},"fnMap":{"0":{"name":"genSalt","decl":{"start":{"line":3,"column":9},"end":{"line":3,"column":16}},"loc":{"start":{"line":3,"column":27},"end":{"line":8,"column":1}},"line":3},"1":{"name":"comparePassword","decl":{"start":{"line":10,"column":9},"end":{"line":10,"column":24}},"loc":{"start":{"line":10,"column":49},"end":{"line":12,"column":1}},"line":10}},"branchMap":{},"s":{"0":7,"1":3,"2":3,"3":3,"4":0,"5":7},"f":{"0":3,"1":0},"b":{},"_coverageSchema":"1a1c01bbd47fc00a2c39e90264f33305004495a9","hash":"ce1ced2a31b44c8f07ba74f5b35924a0e57e0950"}
,"/Users/yai/Documents/IP-HCK65/server/helpers/jwt.js": {"path":"/Users/yai/Documents/IP-HCK65/server/helpers/jwt.js","statementMap":{"0":{"start":{"line":1,"column":12},"end":{"line":1,"column":35}},"1":{"start":{"line":2,"column":19},"end":{"line":2,"column":41}},"2":{"start":{"line":4,"column":18},"end":{"line":6,"column":1}},"3":{"start":{"line":5,"column":4},"end":{"line":5,"column":40}},"4":{"start":{"line":8,"column":20},"end":{"line":10,"column":1}},"5":{"start":{"line":9,"column":4},"end":{"line":9,"column":40}},"6":{"start":{"line":12,"column":0},"end":{"line":16,"column":1}}},"fnMap":{"0":{"name":"(anonymous_0)","decl":{"start":{"line":4,"column":18},"end":{"line":4,"column":19}},"loc":{"start":{"line":4,"column":31},"end":{"line":6,"column":1}},"line":4},"1":{"name":"(anonymous_1)","decl":{"start":{"line":8,"column":20},"end":{"line":8,"column":21}},"loc":{"start":{"line":8,"column":31},"end":{"line":10,"column":1}},"line":8}},"branchMap":{},"s":{"0":7,"1":7,"2":7,"3":3,"4":7,"5":9,"6":7},"f":{"0":3,"1":9},"b":{},"_coverageSchema":"1a1c01bbd47fc00a2c39e90264f33305004495a9","hash":"e5ecf27a5290234f384628263f095a7471ececb2"}
,"/Users/yai/Documents/IP-HCK65/server/helpers/nodeMailer.js": {"path":"/Users/yai/Documents/IP-HCK65/server/helpers/nodeMailer.js","statementMap":{"0":{"start":{"line":1,"column":19},"end":{"line":1,"column":40}},"1":{"start":{"line":4,"column":24},"end":{"line":10,"column":6}},"2":{"start":{"line":11,"column":21},"end":{"line":16,"column":6}},"3":{"start":{"line":17,"column":4},"end":{"line":17,"column":41}},"4":{"start":{"line":21,"column":0},"end":{"line":23,"column":1}}},"fnMap":{"0":{"name":"sendEmail","decl":{"start":{"line":3,"column":15},"end":{"line":3,"column":24}},"loc":{"start":{"line":3,"column":32},"end":{"line":18,"column":1}},"line":3}},"branchMap":{},"s":{"0":7,"1":3,"2":3,"3":3,"4":7},"f":{"0":3},"b":{},"_coverageSchema":"1a1c01bbd47fc00a2c39e90264f33305004495a9","hash":"ca2d104988b182feb96721aef2d32a572fec8265"}
,"/Users/yai/Documents/IP-HCK65/server/middleware/authenctication.js": {"path":"/Users/yai/Documents/IP-HCK65/server/middleware/authenctication.js","statementMap":{"0":{"start":{"line":1,"column":24},"end":{"line":1,"column":49}},"1":{"start":{"line":2,"column":15},"end":{"line":2,"column":35}},"2":{"start":{"line":5,"column":4},"end":{"line":27,"column":5}},"3":{"start":{"line":6,"column":20},"end":{"line":6,"column":45}},"4":{"start":{"line":7,"column":8},"end":{"line":7,"column":41}},"5":{"start":{"line":9,"column":8},"end":{"line":9,"column":75}},"6":{"start":{"line":9,"column":19},"end":{"line":9,"column":75}},"7":{"start":{"line":10,"column":8},"end":{"line":10,"column":100}},"8":{"start":{"line":10,"column":44},"end":{"line":10,"column":100}},"9":{"start":{"line":12,"column":8},"end":{"line":12,"column":30}},"10":{"start":{"line":13,"column":24},"end":{"line":13,"column":42}},"11":{"start":{"line":15,"column":21},"end":{"line":15,"column":52}},"12":{"start":{"line":16,"column":8},"end":{"line":16,"column":74}},"13":{"start":{"line":16,"column":18},"end":{"line":16,"column":74}},"14":{"start":{"line":18,"column":8},"end":{"line":22,"column":9}},"15":{"start":{"line":24,"column":8},"end":{"line":24,"column":14}},"16":{"start":{"line":26,"column":8},"end":{"line":26,"column":26}},"17":{"start":{"line":30,"column":0},"end":{"line":30,"column":31}}},"fnMap":{"0":{"name":"authentication","decl":{"start":{"line":4,"column":15},"end":{"line":4,"column":29}},"loc":{"start":{"line":4,"column":46},"end":{"line":28,"column":1}},"line":4}},"branchMap":{"0":{"loc":{"start":{"line":9,"column":8},"end":{"line":9,"column":75}},"type":"if","locations":[{"start":{"line":9,"column":8},"end":{"line":9,"column":75}},{"start":{},"end":{}}],"line":9},"1":{"loc":{"start":{"line":10,"column":8},"end":{"line":10,"column":100}},"type":"if","locations":[{"start":{"line":10,"column":8},"end":{"line":10,"column":100}},{"start":{},"end":{}}],"line":10},"2":{"loc":{"start":{"line":16,"column":8},"end":{"line":16,"column":74}},"type":"if","locations":[{"start":{"line":16,"column":8},"end":{"line":16,"column":74}},{"start":{},"end":{}}],"line":16}},"s":{"0":7,"1":7,"2":14,"3":14,"4":14,"5":14,"6":5,"7":9,"8":0,"9":9,"10":9,"11":8,"12":8,"13":0,"14":8,"15":8,"16":1,"17":7},"f":{"0":14},"b":{"0":[5,9],"1":[0,9],"2":[0,8]},"_coverageSchema":"1a1c01bbd47fc00a2c39e90264f33305004495a9","hash":"2eedf3e3a508c989971fbda5b14488feb73af325"}
,"/Users/yai/Documents/IP-HCK65/server/middleware/authorization.js": {"path":"/Users/yai/Documents/IP-HCK65/server/middleware/authorization.js","statementMap":{"0":{"start":{"line":1,"column":26},"end":{"line":1,"column":46}},"1":{"start":{"line":4,"column":4},"end":{"line":24,"column":5}},"2":{"start":{"line":5,"column":23},"end":{"line":5,"column":31}},"3":{"start":{"line":8,"column":21},"end":{"line":8,"column":44}},"4":{"start":{"line":9,"column":8},"end":{"line":11,"column":9}},"5":{"start":{"line":10,"column":12},"end":{"line":10,"column":69}},"6":{"start":{"line":16,"column":8},"end":{"line":20,"column":9}},"7":{"start":{"line":17,"column":12},"end":{"line":17,"column":26}},"8":{"start":{"line":19,"column":12},"end":{"line":19,"column":60}},"9":{"start":{"line":23,"column":8},"end":{"line":23,"column":26}},"10":{"start":{"line":27,"column":0},"end":{"line":27,"column":31}}},"fnMap":{"0":{"name":"authorization","decl":{"start":{"line":3,"column":15},"end":{"line":3,"column":28}},"loc":{"start":{"line":3,"column":45},"end":{"line":25,"column":1}},"line":3}},"branchMap":{"0":{"loc":{"start":{"line":9,"column":8},"end":{"line":11,"column":9}},"type":"if","locations":[{"start":{"line":9,"column":8},"end":{"line":11,"column":9}},{"start":{},"end":{}}],"line":9},"1":{"loc":{"start":{"line":16,"column":8},"end":{"line":20,"column":9}},"type":"if","locations":[{"start":{"line":16,"column":8},"end":{"line":20,"column":9}},{"start":{"line":18,"column":15},"end":{"line":20,"column":9}}],"line":16}},"s":{"0":7,"1":4,"2":4,"3":4,"4":4,"5":0,"6":4,"7":4,"8":0,"9":0,"10":7},"f":{"0":4},"b":{"0":[0,4],"1":[4,0]},"_coverageSchema":"1a1c01bbd47fc00a2c39e90264f33305004495a9","hash":"58d72ab57f671f25c3ab3410cd50b1bd5254a8ad"}
,"/Users/yai/Documents/IP-HCK65/server/models/article.js": {"path":"/Users/yai/Documents/IP-HCK65/server/models/article.js","statementMap":{"0":{"start":{"line":4,"column":4},"end":{"line":4,"column":24}},"1":{"start":{"line":5,"column":0},"end":{"line":110,"column":2}},"2":{"start":{"line":13,"column":6},"end":{"line":13,"column":62}},"3":{"start":{"line":16,"column":2},"end":{"line":108,"column":5}},"4":{"start":{"line":109,"column":2},"end":{"line":109,"column":17}}},"fnMap":{"0":{"name":"(anonymous_0)","decl":{"start":{"line":5,"column":17},"end":{"line":5,"column":18}},"loc":{"start":{"line":5,"column":43},"end":{"line":110,"column":1}},"line":5},"1":{"name":"(anonymous_1)","decl":{"start":{"line":12,"column":4},"end":{"line":12,"column":5}},"loc":{"start":{"line":12,"column":29},"end":{"line":14,"column":5}},"line":12}},"branchMap":{},"s":{"0":7,"1":7,"2":7,"3":7,"4":7},"f":{"0":7,"1":7},"b":{},"_coverageSchema":"1a1c01bbd47fc00a2c39e90264f33305004495a9","hash":"dd268fb61752d862647ab2cc2ba3e8db8c174031"}
,"/Users/yai/Documents/IP-HCK65/server/models/index.js": {"path":"/Users/yai/Documents/IP-HCK65/server/models/index.js","statementMap":{"0":{"start":{"line":3,"column":11},"end":{"line":3,"column":24}},"1":{"start":{"line":4,"column":13},"end":{"line":4,"column":28}},"2":{"start":{"line":5,"column":18},"end":{"line":5,"column":38}},"3":{"start":{"line":6,"column":16},"end":{"line":6,"column":34}},"4":{"start":{"line":7,"column":17},"end":{"line":7,"column":42}},"5":{"start":{"line":8,"column":12},"end":{"line":8,"column":49}},"6":{"start":{"line":9,"column":15},"end":{"line":9,"column":65}},"7":{"start":{"line":10,"column":11},"end":{"line":10,"column":13}},"8":{"start":{"line":13,"column":0},"end":{"line":17,"column":1}},"9":{"start":{"line":14,"column":2},"end":{"line":14,"column":74}},"10":{"start":{"line":16,"column":2},"end":{"line":16,"column":87}},"11":{"start":{"line":19,"column":0},"end":{"line":32,"column":5}},"12":{"start":{"line":22,"column":4},"end":{"line":27,"column":6}},"13":{"start":{"line":30,"column":18},"end":{"line":30,"column":85}},"14":{"start":{"line":31,"column":4},"end":{"line":31,"column":27}},"15":{"start":{"line":34,"column":0},"end":{"line":38,"column":3}},"16":{"start":{"line":35,"column":2},"end":{"line":37,"column":3}},"17":{"start":{"line":36,"column":4},"end":{"line":36,"column":32}},"18":{"start":{"line":40,"column":0},"end":{"line":40,"column":25}},"19":{"start":{"line":41,"column":0},"end":{"line":41,"column":25}},"20":{"start":{"line":43,"column":0},"end":{"line":43,"column":20}}},"fnMap":{"0":{"name":"(anonymous_0)","decl":{"start":{"line":21,"column":10},"end":{"line":21,"column":11}},"loc":{"start":{"line":21,"column":18},"end":{"line":28,"column":3}},"line":21},"1":{"name":"(anonymous_1)","decl":{"start":{"line":29,"column":11},"end":{"line":29,"column":12}},"loc":{"start":{"line":29,"column":19},"end":{"line":32,"column":3}},"line":29},"2":{"name":"(anonymous_2)","decl":{"start":{"line":34,"column":24},"end":{"line":34,"column":25}},"loc":{"start":{"line":34,"column":37},"end":{"line":38,"column":1}},"line":34}},"branchMap":{"0":{"loc":{"start":{"line":8,"column":12},"end":{"line":8,"column":49}},"type":"binary-expr","locations":[{"start":{"line":8,"column":12},"end":{"line":8,"column":32}},{"start":{"line":8,"column":36},"end":{"line":8,"column":49}}],"line":8},"1":{"loc":{"start":{"line":13,"column":0},"end":{"line":17,"column":1}},"type":"if","locations":[{"start":{"line":13,"column":0},"end":{"line":17,"column":1}},{"start":{"line":15,"column":7},"end":{"line":17,"column":1}}],"line":13},"2":{"loc":{"start":{"line":23,"column":6},"end":{"line":26,"column":37}},"type":"binary-expr","locations":[{"start":{"line":23,"column":6},"end":{"line":23,"column":29}},{"start":{"line":24,"column":6},"end":{"line":24,"column":23}},{"start":{"line":25,"column":6},"end":{"line":25,"column":30}},{"start":{"line":26,"column":6},"end":{"line":26,"column":37}}],"line":23},"3":{"loc":{"start":{"line":35,"column":2},"end":{"line":37,"column":3}},"type":"if","locations":[{"start":{"line":35,"column":2},"end":{"line":37,"column":3}},{"start":{},"end":{}}],"line":35}},"s":{"0":7,"1":7,"2":7,"3":7,"4":7,"5":7,"6":7,"7":7,"8":7,"9":0,"10":7,"11":7,"12":28,"13":21,"14":21,"15":7,"16":21,"17":21,"18":7,"19":7,"20":7},"f":{"0":28,"1":21,"2":21},"b":{"0":[7,0],"1":[0,7],"2":[28,28,21,21],"3":[21,0]},"_coverageSchema":"1a1c01bbd47fc00a2c39e90264f33305004495a9","hash":"06138234772590f62cc8a32bc3a487287a5a842f"}
,"/Users/yai/Documents/IP-HCK65/server/models/order.js": {"path":"/Users/yai/Documents/IP-HCK65/server/models/order.js","statementMap":{"0":{"start":{"line":4,"column":4},"end":{"line":4,"column":24}},"1":{"start":{"line":5,"column":0},"end":{"line":27,"column":2}},"2":{"start":{"line":14,"column":6},"end":{"line":14,"column":59}},"3":{"start":{"line":17,"column":2},"end":{"line":25,"column":5}},"4":{"start":{"line":26,"column":2},"end":{"line":26,"column":15}}},"fnMap":{"0":{"name":"(anonymous_0)","decl":{"start":{"line":5,"column":17},"end":{"line":5,"column":18}},"loc":{"start":{"line":5,"column":43},"end":{"line":27,"column":1}},"line":5},"1":{"name":"(anonymous_1)","decl":{"start":{"line":12,"column":4},"end":{"line":12,"column":5}},"loc":{"start":{"line":12,"column":29},"end":{"line":15,"column":5}},"line":12}},"branchMap":{},"s":{"0":7,"1":7,"2":7,"3":7,"4":7},"f":{"0":7,"1":7},"b":{},"_coverageSchema":"1a1c01bbd47fc00a2c39e90264f33305004495a9","hash":"6abe00ab80ca8837112fa03c3987b2f1b96f1d38"}
,"/Users/yai/Documents/IP-HCK65/server/models/user.js": {"path":"/Users/yai/Documents/IP-HCK65/server/models/user.js","statementMap":{"0":{"start":{"line":5,"column":4},"end":{"line":5,"column":24}},"1":{"start":{"line":6,"column":20},"end":{"line":6,"column":48}},"2":{"start":{"line":7,"column":22},"end":{"line":7,"column":54}},"3":{"start":{"line":8,"column":0},"end":{"line":78,"column":2}},"4":{"start":{"line":17,"column":6},"end":{"line":17,"column":61}},"5":{"start":{"line":18,"column":6},"end":{"line":18,"column":56}},"6":{"start":{"line":21,"column":2},"end":{"line":76,"column":5}},"7":{"start":{"line":68,"column":8},"end":{"line":68,"column":54}},"8":{"start":{"line":71,"column":8},"end":{"line":71,"column":33}},"9":{"start":{"line":77,"column":2},"end":{"line":77,"column":14}}},"fnMap":{"0":{"name":"(anonymous_0)","decl":{"start":{"line":8,"column":17},"end":{"line":8,"column":18}},"loc":{"start":{"line":8,"column":43},"end":{"line":78,"column":1}},"line":8},"1":{"name":"(anonymous_1)","decl":{"start":{"line":15,"column":4},"end":{"line":15,"column":5}},"loc":{"start":{"line":15,"column":29},"end":{"line":19,"column":5}},"line":15},"2":{"name":"(anonymous_2)","decl":{"start":{"line":67,"column":6},"end":{"line":67,"column":7}},"loc":{"start":{"line":67,"column":37},"end":{"line":69,"column":7}},"line":67},"3":{"name":"(anonymous_3)","decl":{"start":{"line":70,"column":6},"end":{"line":70,"column":7}},"loc":{"start":{"line":70,"column":36},"end":{"line":72,"column":7}},"line":70}},"branchMap":{},"s":{"0":7,"1":7,"2":7,"3":7,"4":7,"5":7,"6":7,"7":3,"8":3,"9":7},"f":{"0":7,"1":7,"2":3,"3":3},"b":{},"_coverageSchema":"1a1c01bbd47fc00a2c39e90264f33305004495a9","hash":"22ab28247b30fe85972a10dc6a94db4c6b093dbc"}
,"/Users/yai/Documents/IP-HCK65/server/routers/article.js": {"path":"/Users/yai/Documents/IP-HCK65/server/routers/article.js","statementMap":{"0":{"start":{"line":1,"column":16},"end":{"line":1,"column":34}},"1":{"start":{"line":2,"column":26},"end":{"line":2,"column":69}},"2":{"start":{"line":3,"column":23},"end":{"line":3,"column":63}},"3":{"start":{"line":4,"column":22},"end":{"line":4,"column":60}},"4":{"start":{"line":5,"column":22},"end":{"line":5,"column":38}},"5":{"start":{"line":7,"column":0},"end":{"line":7,"column":33}},"6":{"start":{"line":8,"column":0},"end":{"line":8,"column":54}},"7":{"start":{"line":9,"column":0},"end":{"line":9,"column":82}},"8":{"start":{"line":10,"column":0},"end":{"line":10,"column":80}},"9":{"start":{"line":11,"column":0},"end":{"line":11,"column":85}},"10":{"start":{"line":12,"column":0},"end":{"line":12,"column":82}},"11":{"start":{"line":13,"column":0},"end":{"line":13,"column":88}},"12":{"start":{"line":15,"column":0},"end":{"line":15,"column":30}}},"fnMap":{},"branchMap":{},"s":{"0":7,"1":7,"2":7,"3":7,"4":7,"5":7,"6":7,"7":7,"8":7,"9":7,"10":7,"11":7,"12":7},"f":{},"b":{},"_coverageSchema":"1a1c01bbd47fc00a2c39e90264f33305004495a9","hash":"30a19b84c955d07082f26afb86a46ac6bb56f798"}
,"/Users/yai/Documents/IP-HCK65/server/routers/index.js": {"path":"/Users/yai/Documents/IP-HCK65/server/routers/index.js","statementMap":{"0":{"start":{"line":1,"column":16},"end":{"line":1,"column":34}},"1":{"start":{"line":2,"column":15},"end":{"line":2,"column":31}},"2":{"start":{"line":3,"column":16},"end":{"line":3,"column":36}},"3":{"start":{"line":4,"column":13},"end":{"line":4,"column":30}},"4":{"start":{"line":5,"column":16},"end":{"line":5,"column":36}},"5":{"start":{"line":8,"column":0},"end":{"line":8,"column":21}},"6":{"start":{"line":9,"column":0},"end":{"line":9,"column":24}},"7":{"start":{"line":10,"column":0},"end":{"line":10,"column":24}},"8":{"start":{"line":15,"column":0},"end":{"line":15,"column":23}}},"fnMap":{},"branchMap":{},"s":{"0":7,"1":7,"2":7,"3":7,"4":7,"5":7,"6":7,"7":7,"8":7},"f":{},"b":{},"_coverageSchema":"1a1c01bbd47fc00a2c39e90264f33305004495a9","hash":"730f2b088ad7e8d29ab8c5bec830aa79574abd0c"}
,"/Users/yai/Documents/IP-HCK65/server/routers/payment.js": {"path":"/Users/yai/Documents/IP-HCK65/server/routers/payment.js","statementMap":{"0":{"start":{"line":1,"column":16},"end":{"line":1,"column":34}},"1":{"start":{"line":2,"column":26},"end":{"line":2,"column":59}},"2":{"start":{"line":3,"column":23},"end":{"line":3,"column":63}},"3":{"start":{"line":4,"column":22},"end":{"line":4,"column":38}},"4":{"start":{"line":7,"column":0},"end":{"line":7,"column":103}},"5":{"start":{"line":9,"column":0},"end":{"line":9,"column":30}}},"fnMap":{},"branchMap":{},"s":{"0":7,"1":7,"2":7,"3":7,"4":7,"5":7},"f":{},"b":{},"_coverageSchema":"1a1c01bbd47fc00a2c39e90264f33305004495a9","hash":"d73e25059a0b90e68cf2a49cb5389caf2337f4c3"}
,"/Users/yai/Documents/IP-HCK65/server/routers/user.js": {"path":"/Users/yai/Documents/IP-HCK65/server/routers/user.js","statementMap":{"0":{"start":{"line":1,"column":16},"end":{"line":1,"column":34}},"1":{"start":{"line":2,"column":23},"end":{"line":2,"column":63}},"2":{"start":{"line":3,"column":22},"end":{"line":3,"column":60}},"3":{"start":{"line":4,"column":23},"end":{"line":4,"column":63}},"4":{"start":{"line":5,"column":19},"end":{"line":5,"column":35}},"5":{"start":{"line":8,"column":0},"end":{"line":8,"column":53}},"6":{"start":{"line":9,"column":0},"end":{"line":9,"column":47}},"7":{"start":{"line":10,"column":0},"end":{"line":10,"column":60}},"8":{"start":{"line":11,"column":0},"end":{"line":11,"column":30}},"9":{"start":{"line":12,"column":0},"end":{"line":12,"column":53}},"10":{"start":{"line":13,"column":0},"end":{"line":13,"column":68}},"11":{"start":{"line":16,"column":0},"end":{"line":16,"column":27}}},"fnMap":{},"branchMap":{},"s":{"0":7,"1":7,"2":7,"3":7,"4":7,"5":7,"6":7,"7":7,"8":7,"9":7,"10":7,"11":7},"f":{},"b":{},"_coverageSchema":"1a1c01bbd47fc00a2c39e90264f33305004495a9","hash":"f10d2ae7f594a465a9f8bd04e851aeb738f14dc7"}
}
