TN:
SF:app.js
FNF:0
FNH:0
DA:1,7
DA:2,7
DA:5,7
DA:6,7
DA:7,7
DA:8,7
DA:9,7
DA:10,7
DA:11,7
DA:14,7
DA:16,7
DA:17,7
DA:19,7
DA:21,7
LF:14
LH:14
BRDA:1,0,0,7
BRDA:1,0,1,0
BRF:2
BRH:1
end_of_record
TN:
SF:controllers/articleController.js
FN:7,(anonymous_0)
FN:25,(anonymous_1)
FN:38,(anonymous_2)
FN:56,(anonymous_3)
FN:76,(anonymous_4)
FN:95,(anonymous_5)
FNF:6
FNH:2
FNDA:0,(anonymous_0)
FNDA:1,(anonymous_1)
FNDA:0,(anonymous_2)
FNDA:0,(anonymous_3)
FNDA:3,(anonymous_4)
FNDA:0,(anonymous_5)
DA:1,7
DA:2,7
DA:3,7
DA:4,7
DA:8,0
DA:13,0
DA:14,0
DA:17,0
DA:19,0
DA:21,0
DA:26,1
DA:27,1
DA:28,1
DA:30,1
DA:32,1
DA:34,0
DA:39,0
DA:40,0
DA:50,0
DA:52,0
DA:57,0
DA:58,0
DA:60,0
DA:63,0
DA:64,0
DA:66,0
DA:68,0
DA:70,0
DA:72,0
DA:77,3
DA:78,3
DA:79,3
DA:80,3
DA:82,3
DA:83,3
DA:85,1
DA:87,1
DA:89,1
DA:91,2
DA:96,0
DA:97,0
DA:99,0
DA:101,0
DA:102,0
DA:104,0
DA:106,0
DA:111,7
LF:47
LH:20
BRDA:64,0,0,0
BRDA:64,0,1,0
BRDA:66,1,0,0
BRDA:66,1,1,0
BRDA:83,2,0,2
BRDA:83,2,1,1
BRDA:85,3,0,0
BRDA:85,3,1,1
BRDA:101,4,0,0
BRDA:101,4,1,0
BRF:10
BRH:3
end_of_record
TN:
SF:controllers/payment.js
FN:6,(anonymous_0)
FNF:1
FNH:0
FNDA:0,(anonymous_0)
DA:1,7
DA:3,7
DA:7,0
DA:8,0
DA:13,0
DA:14,0
DA:15,0
DA:28,0
DA:34,0
DA:36,0
DA:41,7
LF:11
LH:3
BRF:0
BRH:0
end_of_record
TN:
SF:controllers/userController.js
FN:11,(anonymous_0)
FN:33,(anonymous_1)
FN:71,(anonymous_2)
FN:107,(anonymous_3)
FN:171,(anonymous_4)
FNF:5
FNH:1
FNDA:0,(anonymous_0)
FNDA:4,(anonymous_1)
FNDA:0,(anonymous_2)
FNDA:0,(anonymous_3)
FNDA:0,(anonymous_4)
DA:1,7
DA:2,7
DA:3,7
DA:4,7
DA:5,7
DA:6,7
DA:12,0
DA:13,0
DA:16,0
DA:17,0
DA:21,0
DA:23,0
DA:24,0
DA:26,0
DA:27,0
DA:29,0
DA:34,4
DA:35,4
DA:37,4
DA:38,1
DA:39,1
DA:42,3
DA:43,1
DA:44,1
DA:47,2
DA:48,2
DA:49,2
DA:50,2
DA:53,0
DA:54,0
DA:55,0
DA:56,0
DA:59,0
DA:60,0
DA:62,0
DA:64,0
DA:65,0
DA:67,0
DA:72,0
DA:73,0
DA:75,0
DA:80,0
DA:82,0
DA:92,0
DA:95,0
DA:103,0
DA:108,0
DA:109,0
DA:110,0
DA:111,0
DA:112,0
DA:113,0
DA:117,0
DA:118,0
DA:121,0
DA:127,0
DA:128,0
DA:134,0
DA:135,0
DA:143,0
DA:144,0
DA:146,0
DA:147,0
DA:152,0
DA:156,0
DA:158,0
DA:161,0
DA:162,0
DA:163,0
DA:164,0
DA:166,0
DA:172,0
DA:174,0
DA:178,0
DA:180,0
DA:187,7
LF:76
LH:19
BRDA:23,0,0,0
BRDA:23,0,1,0
BRDA:26,1,0,0
BRDA:26,1,1,0
BRDA:37,2,0,1
BRDA:37,2,1,3
BRDA:42,3,0,1
BRDA:42,3,1,2
BRDA:48,4,0,2
BRDA:48,4,1,0
BRDA:54,5,0,0
BRDA:54,5,1,0
BRDA:64,6,0,0
BRDA:64,6,1,0
BRDA:95,7,0,0
BRDA:95,7,1,0
BRDA:112,8,0,0
BRDA:112,8,1,0
BRDA:117,9,0,0
BRDA:117,9,1,0
BRDA:127,10,0,0
BRDA:127,10,1,0
BRDA:146,11,0,0
BRDA:146,11,1,0
BRDA:146,12,0,0
BRDA:146,12,1,0
BRDA:161,13,0,0
BRDA:161,13,1,0
BRDA:163,14,0,0
BRDA:163,14,1,0
BRF:30
BRH:5
end_of_record
TN:
SF:helpers/bcrypt.js
FN:3,genSalt
FN:10,comparePassword
FNF:2
FNH:1
FNDA:3,genSalt
FNDA:0,comparePassword
DA:1,7
DA:4,3
DA:5,3
DA:7,3
DA:11,0
DA:14,7
LF:6
LH:5
BRF:0
BRH:0
end_of_record
TN:
SF:helpers/jwt.js
FN:4,(anonymous_0)
FN:8,(anonymous_1)
FNF:2
FNH:2
FNDA:3,(anonymous_0)
FNDA:9,(anonymous_1)
DA:1,7
DA:2,7
DA:4,7
DA:5,3
DA:8,7
DA:9,9
DA:12,7
LF:7
LH:7
BRF:0
BRH:0
end_of_record
TN:
SF:helpers/nodeMailer.js
FN:3,sendEmail
FNF:1
FNH:1
FNDA:3,sendEmail
DA:1,7
DA:4,3
DA:11,3
DA:17,3
DA:21,7
LF:5
LH:5
BRF:0
BRH:0
end_of_record
TN:
SF:middleware/authenctication.js
FN:4,authentication
FNF:1
FNH:1
FNDA:14,authentication
DA:1,7
DA:2,7
DA:5,14
DA:6,14
DA:7,14
DA:9,14
DA:10,9
DA:12,9
DA:13,9
DA:15,8
DA:16,8
DA:18,8
DA:24,8
DA:26,1
DA:30,7
LF:15
LH:15
BRDA:9,0,0,5
BRDA:9,0,1,9
BRDA:10,1,0,0
BRDA:10,1,1,9
BRDA:16,2,0,0
BRDA:16,2,1,8
BRF:6
BRH:4
end_of_record
TN:
SF:middleware/authorization.js
FN:3,authorization
FNF:1
FNH:1
FNDA:4,authorization
DA:1,7
DA:4,4
DA:5,4
DA:8,4
DA:9,4
DA:10,0
DA:16,4
DA:17,4
DA:19,0
DA:23,0
DA:27,7
LF:11
LH:8
BRDA:9,0,0,0
BRDA:9,0,1,4
BRDA:16,1,0,4
BRDA:16,1,1,0
BRF:4
BRH:2
end_of_record
TN:
SF:models/article.js
FN:5,(anonymous_0)
FN:12,(anonymous_1)
FNF:2
FNH:2
FNDA:7,(anonymous_0)
FNDA:7,(anonymous_1)
DA:4,7
DA:5,7
DA:13,7
DA:16,7
DA:109,7
LF:5
LH:5
BRF:0
BRH:0
end_of_record
TN:
SF:models/index.js
FN:21,(anonymous_0)
FN:29,(anonymous_1)
FN:34,(anonymous_2)
FNF:3
FNH:3
FNDA:28,(anonymous_0)
FNDA:21,(anonymous_1)
FNDA:21,(anonymous_2)
DA:3,7
DA:4,7
DA:5,7
DA:6,7
DA:7,7
DA:8,7
DA:9,7
DA:10,7
DA:13,7
DA:14,0
DA:16,7
DA:19,7
DA:22,28
DA:30,21
DA:31,21
DA:34,7
DA:35,21
DA:36,21
DA:40,7
DA:41,7
DA:43,7
LF:21
LH:20
BRDA:8,0,0,7
BRDA:8,0,1,0
BRDA:13,1,0,0
BRDA:13,1,1,7
BRDA:23,2,0,28
BRDA:23,2,1,28
BRDA:23,2,2,21
BRDA:23,2,3,21
BRDA:35,3,0,21
BRDA:35,3,1,0
BRF:10
BRH:7
end_of_record
TN:
SF:models/order.js
FN:5,(anonymous_0)
FN:12,(anonymous_1)
FNF:2
FNH:2
FNDA:7,(anonymous_0)
FNDA:7,(anonymous_1)
DA:4,7
DA:5,7
DA:14,7
DA:17,7
DA:26,7
LF:5
LH:5
BRF:0
BRH:0
end_of_record
TN:
SF:models/user.js
FN:8,(anonymous_0)
FN:15,(anonymous_1)
FN:67,(anonymous_2)
FN:70,(anonymous_3)
FNF:4
FNH:4
FNDA:7,(anonymous_0)
FNDA:7,(anonymous_1)
FNDA:3,(anonymous_2)
FNDA:3,(anonymous_3)
DA:5,7
DA:6,7
DA:7,7
DA:8,7
DA:17,7
DA:18,7
DA:21,7
DA:68,3
DA:71,3
DA:77,7
LF:10
LH:10
BRF:0
BRH:0
end_of_record
TN:
SF:routers/article.js
FNF:0
FNH:0
DA:1,7
DA:2,7
DA:3,7
DA:4,7
DA:5,7
DA:7,7
DA:8,7
DA:9,7
DA:10,7
DA:11,7
DA:12,7
DA:13,7
DA:15,7
LF:13
LH:13
BRF:0
BRH:0
end_of_record
TN:
SF:routers/index.js
FNF:0
FNH:0
DA:1,7
DA:2,7
DA:3,7
DA:4,7
DA:5,7
DA:8,7
DA:9,7
DA:10,7
DA:15,7
LF:9
LH:9
BRF:0
BRH:0
end_of_record
TN:
SF:routers/payment.js
FNF:0
FNH:0
DA:1,7
DA:2,7
DA:3,7
DA:4,7
DA:7,7
DA:9,7
LF:6
LH:6
BRF:0
BRH:0
end_of_record
TN:
SF:routers/user.js
FNF:0
FNH:0
DA:1,7
DA:2,7
DA:3,7
DA:4,7
DA:5,7
DA:8,7
DA:9,7
DA:10,7
DA:11,7
DA:12,7
DA:13,7
DA:16,7
LF:12
LH:12
BRF:0
BRH:0
end_of_record
